<?xml version="1.0" encoding="UTF-8"?>
<!-- Generated by org.testng.reporters.JUnitReportReporter -->
<testsuite skipped="0" hostname="LAPTOP-DUCNEVF6" name="com.goibibo.testcases.PaymentPageTest" tests="1" failures="0" timestamp="05 Aug 2020 13:11:54 GMT" time="24.014" errors="0">
  <testcase name="chooseWalletTest" time="24.014" classname="com.goibibo.testcases.PaymentPageTest"/>
</testsuite> <!-- com.goibibo.testcases.PaymentPageTest -->
