<?xml version="1.0" encoding="UTF-8"?>
<!-- Generated by org.testng.reporters.JUnitReportReporter -->
<testsuite skipped="0" hostname="LAPTOP-DUCNEVF6" name="com.goibibo.testcases.SearchResultPageTest" tests="1" failures="0" timestamp="05 Aug 2020 13:11:54 GMT" time="19.120" errors="0">
  <testcase name="selectFlightTest" time="19.120" classname="com.goibibo.testcases.SearchResultPageTest"/>
</testsuite> <!-- com.goibibo.testcases.SearchResultPageTest -->
