<?xml version="1.0" encoding="UTF-8"?>
<!-- Generated by org.testng.reporters.JUnitReportReporter -->
<testsuite skipped="0" hostname="LAPTOP-DUCNEVF6" name="com.goibibo.testcases.BookFlightPageTest" tests="1" failures="0" timestamp="05 Aug 2020 13:11:54 GMT" time="19.148" errors="0">
  <testcase name="enterBookingDetails" time="19.148" classname="com.goibibo.testcases.BookFlightPageTest"/>
</testsuite> <!-- com.goibibo.testcases.BookFlightPageTest -->
