<?xml version="1.0" encoding="UTF-8"?>
<!-- Generated by org.testng.reporters.JUnitReportReporter -->
<testsuite skipped="0" hostname="LAPTOP-DUCNEVF6" name="com.goibibo.testcases.BookFlightPageTest" tests="1" failures="0" timestamp="04 Aug 2020 14:39:07 GMT" time="17.267" errors="0">
  <testcase name="enterBookingDetails" time="17.267" classname="com.goibibo.testcases.BookFlightPageTest"/>
</testsuite> <!-- com.goibibo.testcases.BookFlightPageTest -->
