<?xml version="1.0" encoding="UTF-8"?>
<!-- Generated by org.testng.reporters.JUnitReportReporter -->
<testsuite skipped="0" hostname="LAPTOP-DUCNEVF6" name="com.goibibo.testcases.PaymentPageTest" tests="1" failures="0" timestamp="04 Aug 2020 14:39:07 GMT" time="21.313" errors="0">
  <testcase name="chooseWalletTest" time="21.313" classname="com.goibibo.testcases.PaymentPageTest"/>
</testsuite> <!-- com.goibibo.testcases.PaymentPageTest -->
